<?xml version="1.0" encoding="UTF-8"?>
<!-- Generated by org.testng.reporters.JUnitXMLReporter -->
<testsuite ignored="0" hostname="syam-PC" failures="0" tests="3" name="Default test" time="37.342" errors="0" timestamp="2022-02-03T17:17:31 IST">
  <testcase classname="testScripts.A11YTest" name="sampleTest" time="11.265"/>
  <testcase classname="testScripts.A11YTest" name="selectorTest" time="0.393"/>
  <testcase classname="testScripts.A11YTest" name="testWebElement" time="6.675"/>
</testsuite> <!-- Default test -->
