<?xml version="1.0" encoding="UTF-8"?>
<testng-results ignored="0" total="3" passed="3" failed="0" skipped="0">
  <reporter-output>
  </reporter-output>
  <suite started-at="2022-02-03T17:16:54 IST" name="Default suite" finished-at="2022-02-03T17:17:31 IST" duration-ms="37342">
    <groups>
    </groups>
    <test started-at="2022-02-03T17:16:54 IST" name="Default test" finished-at="2022-02-03T17:17:31 IST" duration-ms="37342">
      <class name="testScripts.A11YTest">
        <test-method is-config="true" signature="setUp()[pri:0, instance:testScripts.A11YTest@101952da]" started-at="2022-02-03T17:16:54 IST" name="setUp" finished-at="2022-02-03T17:17:13 IST" duration-ms="18897" status="PASS">
          <reporter-output>
          </reporter-output>
        </test-method> <!-- setUp -->
        <test-method signature="sampleTest()[pri:0, instance:testScripts.A11YTest@101952da]" started-at="2022-02-03T17:17:13 IST" name="sampleTest" finished-at="2022-02-03T17:17:24 IST" duration-ms="11265" status="PASS">
          <reporter-output>
          </reporter-output>
        </test-method> <!-- sampleTest -->
        <test-method signature="selectorTest()[pri:0, instance:testScripts.A11YTest@101952da]" started-at="2022-02-03T17:17:24 IST" name="selectorTest" finished-at="2022-02-03T17:17:25 IST" duration-ms="393" status="PASS">
          <reporter-output>
          </reporter-output>
        </test-method> <!-- selectorTest -->
        <test-method signature="testWebElement()[pri:0, instance:testScripts.A11YTest@101952da]" started-at="2022-02-03T17:17:25 IST" name="testWebElement" finished-at="2022-02-03T17:17:31 IST" duration-ms="6675" status="PASS">
          <reporter-output>
          </reporter-output>
        </test-method> <!-- testWebElement -->
      </class> <!-- testScripts.A11YTest -->
    </test> <!-- Default test -->
  </suite> <!-- Default suite -->
</testng-results>
